Started GET "/" for 127.0.0.1 at 2018-06-24 12:07:28 -0500
Processing by Rails::WelcomeController#index as HTML
  Rendering C:/RailsInstaller/Ruby2.3.3/lib/ruby/gems/2.3.0/gems/railties-5.1.6/lib/rails/templates/rails/welcome/index.html.erb
  Rendered C:/RailsInstaller/Ruby2.3.3/lib/ruby/gems/2.3.0/gems/railties-5.1.6/lib/rails/templates/rails/welcome/index.html.erb (18.0ms)
Completed 200 OK in 321ms (Views: 67.0ms)


  [1m[35m (0.0ms)[0m  [1m[34mSELECT sqlite_version(*)[0m
  [1m[35m (135.0ms)[0m  [1m[35mCREATE TABLE "schema_migrations" ("version" varchar NOT NULL PRIMARY KEY)[0m
  [1m[35m (64.0ms)[0m  [1m[35mCREATE TABLE "ar_internal_metadata" ("key" varchar NOT NULL PRIMARY KEY, "value" varchar, "created_at" datetime NOT NULL, "updated_at" datetime NOT NULL)[0m
  [1m[35m (0.0ms)[0m  [1m[34mSELECT "schema_migrations"."version" FROM "schema_migrations" ORDER BY "schema_migrations"."version" ASC[0m
Migrating to CreateTracks (20180624200313)
  [1m[35m (0.0ms)[0m  [1m[36mbegin transaction[0m
  [1m[35m (1.0ms)[0m  [1m[35mCREATE TABLE "tracks" ("id" INTEGER PRIMARY KEY AUTOINCREMENT NOT NULL, "title" varchar, "album" varchar, "artist" varchar, "created_at" datetime NOT NULL, "updated_at" datetime NOT NULL)[0m
  [1m[35mSQL (1.0ms)[0m  [1m[32mINSERT INTO "schema_migrations" ("version") VALUES (?)[0m  [["version", "20180624200313"]]
  [1m[35m (79.0ms)[0m  [1m[36mcommit transaction[0m
  [1m[36mActiveRecord::InternalMetadata Load (0.0ms)[0m  [1m[34mSELECT  "ar_internal_metadata".* FROM "ar_internal_metadata" WHERE "ar_internal_metadata"."key" = ? LIMIT ?[0m  [["key", "environment"], ["LIMIT", 1]]
  [1m[35m (0.0ms)[0m  [1m[36mbegin transaction[0m
  [1m[35mSQL (1.0ms)[0m  [1m[32mINSERT INTO "ar_internal_metadata" ("key", "value", "created_at", "updated_at") VALUES (?, ?, ?, ?)[0m  [["key", "environment"], ["value", "development"], ["created_at", "2018-06-24 20:07:05.018416"], ["updated_at", "2018-06-24 20:07:05.018416"]]
  [1m[35m (67.0ms)[0m  [1m[36mcommit transaction[0m
  [1m[35m (0.0ms)[0m  [1m[34mSELECT "schema_migrations"."version" FROM "schema_migrations" ORDER BY "schema_migrations"."version" ASC[0m
Started GET "/" for 127.0.0.1 at 2018-06-24 16:44:43 -0500
  [1m[35m (0.0ms)[0m  [1m[34mSELECT "schema_migrations"."version" FROM "schema_migrations" ORDER BY "schema_migrations"."version" ASC[0m
Processing by Rails::WelcomeController#index as HTML
  Rendering C:/RailsInstaller/Ruby2.3.3/lib/ruby/gems/2.3.0/gems/railties-5.1.6/lib/rails/templates/rails/welcome/index.html.erb
  Rendered C:/RailsInstaller/Ruby2.3.3/lib/ruby/gems/2.3.0/gems/railties-5.1.6/lib/rails/templates/rails/welcome/index.html.erb (13.3ms)
Completed 200 OK in 130ms (Views: 78.7ms | ActiveRecord: 0.0ms)


Started GET "/tracks" for 127.0.0.1 at 2018-06-24 17:24:01 -0500
Processing by TracksController#index as HTML
  Rendering tracks/index.html.erb within layouts/application
  [1m[36mTrack Load (0.0ms)[0m  [1m[34mSELECT "tracks".* FROM "tracks"[0m
  Rendered tracks/index.html.erb within layouts/application (7.0ms)
Completed 500 Internal Server Error in 1472ms (ActiveRecord: 1.0ms)


  
ActionView::Template::Error (TypeError: El objeto no acepta esta propiedad o método):
    4:     <title>Musicapp</title>
    5:     <%= csrf_meta_tags %>
    6: 
    7:     <%= stylesheet_link_tag    'application', media: 'all', 'data-turbolinks-track': 'reload' %>
    8:     <%= javascript_include_tag 'application', 'data-turbolinks-track': 'reload' %>
    9:   </head>
   10: 
  
app/views/layouts/application.html.erb:7:in `_app_views_layouts_application_html_erb__437612951_43181232'
Started GET "/tracks" for 127.0.0.1 at 2018-06-24 17:32:09 -0500
Processing by TracksController#index as HTML
  Rendering tracks/index.html.erb within layouts/application
  [1m[36mTrack Load (0.0ms)[0m  [1m[34mSELECT "tracks".* FROM "tracks"[0m
  Rendered tracks/index.html.erb within layouts/application (3.0ms)
Completed 500 Internal Server Error in 71ms (ActiveRecord: 0.0ms)


  
ActionView::Template::Error (The asset "default.css" is not present in the asset pipeline.):
    4:     <title>Musicapp</title>
    5:     <%= csrf_meta_tags %>
    6: 
    7:     <%= stylesheet_link_tag    'default', media: 'all', 'data-turbolinks-track': 'reload' %>
    8:     <%= javascript_include_tag 'default', 'data-turbolinks-track': 'reload' %>
    9:   </head>
   10: 
  
app/views/layouts/application.html.erb:7:in `_app_views_layouts_application_html_erb__437612951_82305228'
Started GET "/tracks" for 127.0.0.1 at 2018-06-24 17:33:14 -0500
Processing by TracksController#index as HTML
  Rendering tracks/index.html.erb within layouts/application
  [1m[36mTrack Load (0.0ms)[0m  [1m[34mSELECT "tracks".* FROM "tracks"[0m
  Rendered tracks/index.html.erb within layouts/application (5.0ms)
Completed 500 Internal Server Error in 310ms (ActiveRecord: 0.0ms)


  
ActionView::Template::Error (TypeError: El objeto no acepta esta propiedad o método):
    4:     <title>Musicapp</title>
    5:     <%= csrf_meta_tags %>
    6: 
    7:     <%= stylesheet_link_tag    'default', media: 'all', 'data-turbolinks-track': 'reload' %>
    8:     <%= javascript_include_tag 'default', 'data-turbolinks-track': 'reload' %>
    9:   </head>
   10: 
  
app/views/layouts/application.html.erb:7:in `_app_views_layouts_application_html_erb__437612951_30591252'
Started GET "/tracks" for 127.0.0.1 at 2018-06-24 17:34:47 -0500
Processing by TracksController#index as HTML
  Rendering tracks/index.html.erb within layouts/application
  [1m[36mTrack Load (0.0ms)[0m  [1m[34mSELECT "tracks".* FROM "tracks"[0m
  Rendered tracks/index.html.erb within layouts/application (2.0ms)
Completed 500 Internal Server Error in 85ms (ActiveRecord: 0.0ms)


  
ActionView::Template::Error (Asset was not declared to be precompiled in production.
Add `Rails.application.config.assets.precompile += %w( default.css )` to `config/initializers/assets.rb` and restart your server):
    4:     <title>Musicapp</title>
    5:     <%= csrf_meta_tags %>
    6: 
    7:     <%= stylesheet_link_tag    'default', media: 'all', 'data-turbolinks-track': 'reload' %>
    8:     <%= javascript_include_tag 'default', 'data-turbolinks-track': 'reload' %>
    9:   </head>
   10: 
  
app/views/layouts/application.html.erb:7:in `_app_views_layouts_application_html_erb__437612951_75788772'
Started GET "/tracks" for 127.0.0.1 at 2018-06-24 17:36:00 -0500
Processing by TracksController#index as HTML
  Rendering tracks/index.html.erb within layouts/application
  [1m[36mTrack Load (0.0ms)[0m  [1m[34mSELECT "tracks".* FROM "tracks"[0m
  Rendered tracks/index.html.erb within layouts/application (4.0ms)
Completed 500 Internal Server Error in 231ms (ActiveRecord: 0.0ms)


  
ActionView::Template::Error (TypeError: El objeto no acepta esta propiedad o método):
    4:     <title>Musicapp</title>
    5:     <%= csrf_meta_tags %>
    6: 
    7:     <%= stylesheet_link_tag    'application', media: 'all', 'data-turbolinks-track': 'reload' %>
    8:     <%= javascript_include_tag 'application', 'data-turbolinks-track': 'reload' %>
    9:   </head>
   10: 
  
app/views/layouts/application.html.erb:7:in `_app_views_layouts_application_html_erb__437612951_96236460'
Started GET "/tracks" for 127.0.0.1 at 2018-06-24 17:38:18 -0500
  [1m[35m (0.0ms)[0m  [1m[34mSELECT "schema_migrations"."version" FROM "schema_migrations" ORDER BY "schema_migrations"."version" ASC[0m
Processing by TracksController#index as HTML
  Rendering tracks/index.html.erb within layouts/application
  [1m[36mTrack Load (0.0ms)[0m  [1m[34mSELECT "tracks".* FROM "tracks"[0m
  Rendered tracks/index.html.erb within layouts/application (5.0ms)
Completed 500 Internal Server Error in 531ms (ActiveRecord: 1.0ms)


  
ActionView::Template::Error (TypeError: El objeto no acepta esta propiedad o método):
    4:     <title>Musicapp</title>
    5:     <%= csrf_meta_tags %>
    6: 
    7:     <%= stylesheet_link_tag    'application', media: 'all', 'data-turbolinks-track': 'reload' %>
    8:     <%= javascript_include_tag 'application', 'data-turbolinks-track': 'reload' %>
    9:   </head>
   10: 
  
app/views/layouts/application.html.erb:7:in `_app_views_layouts_application_html_erb__656107273_44419752'
Started GET "/tracks" for 127.0.0.1 at 2018-06-24 17:40:18 -0500
Processing by TracksController#index as HTML
  Rendering tracks/index.html.erb within layouts/application
  [1m[36mTrack Load (1.0ms)[0m  [1m[34mSELECT "tracks".* FROM "tracks"[0m
  Rendered tracks/index.html.erb within layouts/application (6.0ms)
Completed 500 Internal Server Error in 73ms (ActiveRecord: 1.0ms)


  
ActionView::Template::Error (The asset "default.css" is not present in the asset pipeline.):
    4:     <title>Musicapp</title>
    5:     <%= csrf_meta_tags %>
    6: 
    7:     <%= stylesheet_link_tag    'default', media: 'all', 'data-turbolinks-track' => true %>
    8:     <%= javascript_include_tag 'default', 'data-turbolinks-track' => true %>
    9:   </head>
   10: 
  
app/views/layouts/application.html.erb:7:in `_app_views_layouts_application_html_erb__656107273_82867692'
Started GET "/tracks" for 127.0.0.1 at 2018-06-24 17:41:25 -0500
Processing by TracksController#index as HTML
  Rendering tracks/index.html.erb within layouts/application
  [1m[36mTrack Load (1.0ms)[0m  [1m[34mSELECT "tracks".* FROM "tracks"[0m
  Rendered tracks/index.html.erb within layouts/application (3.0ms)
Completed 500 Internal Server Error in 344ms (ActiveRecord: 1.0ms)


  
ActionView::Template::Error (TypeError: El objeto no acepta esta propiedad o método):
    4:     <title>Musicapp</title>
    5:     <%= csrf_meta_tags %>
    6: 
    7:     <%= stylesheet_link_tag    'default', media: 'all', 'data-turbolinks-track' => true %>
    8:     <%= javascript_include_tag 'default', 'data-turbolinks-track' => true %>
    9:   </head>
   10: 
  
app/views/layouts/application.html.erb:7:in `_app_views_layouts_application_html_erb__656107273_30769524'
Started GET "/tracks" for 127.0.0.1 at 2018-06-24 17:48:38 -0500
  [1m[35m (0.0ms)[0m  [1m[34mSELECT "schema_migrations"."version" FROM "schema_migrations" ORDER BY "schema_migrations"."version" ASC[0m
Processing by TracksController#index as HTML
  Rendering tracks/index.html.erb within layouts/application
  [1m[36mTrack Load (0.0ms)[0m  [1m[34mSELECT "tracks".* FROM "tracks"[0m
  Rendered tracks/index.html.erb within layouts/application (6.0ms)
Completed 500 Internal Server Error in 537ms (ActiveRecord: 1.0ms)


  
ActionView::Template::Error (TypeError: El objeto no acepta esta propiedad o método):
    4:     <title>Musicapp</title>
    5:     <%= csrf_meta_tags %>
    6: 
    7:     <%= stylesheet_link_tag    'default', media: 'all', 'data-turbolinks-track' => true %>
    8:     <%= javascript_include_tag 'default', 'data-turbolinks-track' => true %>
    9:   </head>
   10: 
  
app/views/layouts/application.html.erb:7:in `_app_views_layouts_application_html_erb___198419338_43831992'
Started GET "/tracks" for 127.0.0.1 at 2018-06-24 17:50:00 -0500
Processing by TracksController#index as HTML
  Rendering tracks/index.html.erb
  [1m[36mTrack Load (0.0ms)[0m  [1m[34mSELECT "tracks".* FROM "tracks"[0m
  Rendered tracks/index.html.erb (4.3ms)
Completed 200 OK in 66ms (Views: 52.0ms | ActiveRecord: 0.0ms)


Started GET "/tracks/new" for 127.0.0.1 at 2018-06-24 17:51:36 -0500
Processing by TracksController#new as HTML
  Rendering tracks/new.html.erb
  Rendered tracks/_form.html.erb (102.0ms)
  Rendered tracks/new.html.erb (124.0ms)
Completed 200 OK in 194ms (Views: 174.0ms | ActiveRecord: 1.0ms)


  [1m[35m (0.0ms)[0m  [1m[34mSELECT COUNT(*) FROM "tracks"[0m
  [1m[36mTrack Load (0.0ms)[0m  [1m[34mSELECT  "tracks".* FROM "tracks" ORDER BY "tracks"."id" ASC LIMIT ?[0m  [["LIMIT", 1]]
  [1m[35m (1.0ms)[0m  [1m[36mbegin transaction[0m
  [1m[35mSQL (1.0ms)[0m  [1m[32mINSERT INTO "tracks" ("created_at", "updated_at") VALUES (?, ?)[0m  [["created_at", "2018-06-24 23:35:43.973291"], ["updated_at", "2018-06-24 23:35:43.973291"]]
  [1m[35m (125.1ms)[0m  [1m[36mcommit transaction[0m
  [1m[36mTrack Load (0.0ms)[0m  [1m[34mSELECT  "tracks".* FROM "tracks" ORDER BY "tracks"."id" ASC LIMIT ?[0m  [["LIMIT", 1]]
  [1m[35m (0.0ms)[0m  [1m[36mbegin transaction[0m
  [1m[35mSQL (1.0ms)[0m  [1m[32mINSERT INTO "tracks" ("title", "album", "artist", "created_at", "updated_at") VALUES (?, ?, ?, ?, ?)[0m  [["title", "A"], ["album", "Led Zeppelin II"], ["artist", "Led Zeppelin"], ["created_at", "2018-06-24 23:36:33.937863"], ["updated_at", "2018-06-24 23:36:33.937863"]]
  [1m[35m (113.6ms)[0m  [1m[36mcommit transaction[0m
  [1m[35m (0.0ms)[0m  [1m[34mSELECT COUNT(*) FROM "tracks"[0m
  [1m[35m (1.0ms)[0m  [1m[36mbegin transaction[0m
  [1m[35mSQL (1.0ms)[0m  [1m[32mINSERT INTO "tracks" ("title", "album", "artist", "created_at", "updated_at") VALUES (?, ?, ?, ?, ?)[0m  [["title", "B"], ["album", "B"], ["artist", "Jean Carlo Flores Carrasco"], ["created_at", "2018-06-24 23:38:37.776830"], ["updated_at", "2018-06-24 23:38:37.776830"]]
  [1m[35m (85.5ms)[0m  [1m[36mcommit transaction[0m
  [1m[36mTrack Load (1.0ms)[0m  [1m[34mSELECT  "tracks".* FROM "tracks" LIMIT ?[0m  [["LIMIT", 11]]
  [1m[36mTrack Load (0.0ms)[0m  [1m[34mSELECT  "tracks".* FROM "tracks" LIMIT ?[0m  [["LIMIT", 11]]
  [1m[36mTrack Load (0.0ms)[0m  [1m[34mSELECT  "tracks".* FROM "tracks" LIMIT ?[0m  [["LIMIT", 11]]
  [1m[36mTrack Load (0.0ms)[0m  [1m[34mSELECT "tracks".* FROM "tracks"[0m
  [1m[35m (0.0ms)[0m  [1m[36mbegin transaction[0m
  [1m[35mSQL (1.0ms)[0m  [1m[33mUPDATE "tracks" SET "title" = ?, "album" = ?, "updated_at" = ? WHERE "tracks"."id" = ?[0m  [["title", "Black Dog"], ["album", "flores"], ["updated_at", "2018-06-24 23:41:54.401043"], ["id", 3]]
  [1m[35m (97.2ms)[0m  [1m[36mcommit transaction[0m
  [1m[35m (0.0ms)[0m  [1m[36mbegin transaction[0m
  [1m[35mSQL (1.0ms)[0m  [1m[32mINSERT INTO "tracks" ("title", "album", "artist", "created_at", "updated_at") VALUES (?, ?, ?, ?, ?)[0m  [["title", "cancion"], ["album", "album1"], ["artist", "artist 1"], ["created_at", "2018-06-24 23:42:59.371312"], ["updated_at", "2018-06-24 23:42:59.371312"]]
  [1m[35m (78.4ms)[0m  [1m[36mcommit transaction[0m
  [1m[35m (0.0ms)[0m  [1m[36mbegin transaction[0m
  [1m[35mSQL (3.0ms)[0m  [1m[32mINSERT INTO "tracks" ("title", "album", "artist", "created_at", "updated_at") VALUES (?, ?, ?, ?, ?)[0m  [["title", "cancion"], ["album", "album1"], ["artist", "artist 1"], ["created_at", "2018-06-24 23:42:59.461703"], ["updated_at", "2018-06-24 23:42:59.461703"]]
  [1m[35m (64.6ms)[0m  [1m[36mcommit transaction[0m
  [1m[35m (0.0ms)[0m  [1m[36mbegin transaction[0m
  [1m[35mSQL (1.0ms)[0m  [1m[32mINSERT INTO "tracks" ("title", "album", "artist", "created_at", "updated_at") VALUES (?, ?, ?, ?, ?)[0m  [["title", "cancion"], ["album", "album1"], ["artist", "artist 1"], ["created_at", "2018-06-24 23:42:59.537312"], ["updated_at", "2018-06-24 23:42:59.537312"]]
  [1m[35m (60.8ms)[0m  [1m[36mcommit transaction[0m
  [1m[35m (0.0ms)[0m  [1m[36mbegin transaction[0m
  [1m[35mSQL (2.0ms)[0m  [1m[32mINSERT INTO "tracks" ("title", "album", "artist", "created_at", "updated_at") VALUES (?, ?, ?, ?, ?)[0m  [["title", "cancion"], ["album", "album1"], ["artist", "artist 1"], ["created_at", "2018-06-24 23:42:59.604077"], ["updated_at", "2018-06-24 23:42:59.604077"]]
  [1m[35m (67.9ms)[0m  [1m[36mcommit transaction[0m
  [1m[35m (0.0ms)[0m  [1m[36mbegin transaction[0m
  [1m[35mSQL (1.0ms)[0m  [1m[32mINSERT INTO "tracks" ("title", "album", "artist", "created_at", "updated_at") VALUES (?, ?, ?, ?, ?)[0m  [["title", "cancion"], ["album", "album1"], ["artist", "artist 1"], ["created_at", "2018-06-24 23:42:59.679022"], ["updated_at", "2018-06-24 23:42:59.679022"]]
  [1m[35m (61.7ms)[0m  [1m[36mcommit transaction[0m
  [1m[35m (0.0ms)[0m  [1m[36mbegin transaction[0m
  [1m[35mSQL (1.0ms)[0m  [1m[32mINSERT INTO "tracks" ("title", "album", "artist", "created_at", "updated_at") VALUES (?, ?, ?, ?, ?)[0m  [["title", "cancion"], ["album", "album1"], ["artist", "artist 1"], ["created_at", "2018-06-24 23:42:59.746374"], ["updated_at", "2018-06-24 23:42:59.746374"]]
  [1m[35m (68.8ms)[0m  [1m[36mcommit transaction[0m
  [1m[35m (0.0ms)[0m  [1m[36mbegin transaction[0m
  [1m[35mSQL (2.0ms)[0m  [1m[32mINSERT INTO "tracks" ("title", "album", "artist", "created_at", "updated_at") VALUES (?, ?, ?, ?, ?)[0m  [["title", "cancion"], ["album", "album1"], ["artist", "artist 1"], ["created_at", "2018-06-24 23:42:59.821155"], ["updated_at", "2018-06-24 23:42:59.821155"]]
  [1m[35m (43.0ms)[0m  [1m[36mcommit transaction[0m
  [1m[35m (0.0ms)[0m  [1m[36mbegin transaction[0m
  [1m[35mSQL (1.0ms)[0m  [1m[32mINSERT INTO "tracks" ("title", "album", "artist", "created_at", "updated_at") VALUES (?, ?, ?, ?, ?)[0m  [["title", "cancion"], ["album", "album1"], ["artist", "artist 1"], ["created_at", "2018-06-24 23:42:59.871157"], ["updated_at", "2018-06-24 23:42:59.871157"]]
  [1m[35m (60.1ms)[0m  [1m[36mcommit transaction[0m
  [1m[35m (0.0ms)[0m  [1m[36mbegin transaction[0m
  [1m[35mSQL (1.0ms)[0m  [1m[32mINSERT INTO "tracks" ("title", "album", "artist", "created_at", "updated_at") VALUES (?, ?, ?, ?, ?)[0m  [["title", "cancion"], ["album", "album1"], ["artist", "artist 1"], ["created_at", "2018-06-24 23:42:59.937233"], ["updated_at", "2018-06-24 23:42:59.937233"]]
  [1m[35m (61.0ms)[0m  [1m[36mcommit transaction[0m
  [1m[35m (0.0ms)[0m  [1m[36mbegin transaction[0m
  [1m[35mSQL (1.0ms)[0m  [1m[32mINSERT INTO "tracks" ("title", "album", "artist", "created_at", "updated_at") VALUES (?, ?, ?, ?, ?)[0m  [["title", "cancion"], ["album", "album1"], ["artist", "artist 1"], ["created_at", "2018-06-24 23:43:00.004259"], ["updated_at", "2018-06-24 23:43:00.004259"]]
  [1m[35m (76.7ms)[0m  [1m[36mcommit transaction[0m
  [1m[36mTrack Load (0.0ms)[0m  [1m[34mSELECT  "tracks".* FROM "tracks" WHERE "tracks"."id" = ? LIMIT ?[0m  [["id", 2], ["LIMIT", 1]]
  [1m[36mTrack Load (0.0ms)[0m  [1m[34mSELECT  "tracks".* FROM "tracks" WHERE "tracks"."title" = ? LIMIT ?[0m  [["title", "cancion"], ["LIMIT", 11]]
  [1m[35m (0.0ms)[0m  [1m[34mSELECT COUNT(*) FROM "tracks"[0m
  [1m[35m (1.0ms)[0m  [1m[34mSELECT COUNT(*) FROM "tracks"[0m
  [1m[36mTrack Load (1.0ms)[0m  [1m[34mSELECT  "tracks".* FROM "tracks" WHERE "tracks"."title" = ? LIMIT ?[0m  [["title", "cancion"], ["LIMIT", 1]]
  [1m[35m (0.0ms)[0m  [1m[36mbegin transaction[0m
  [1m[35mSQL (1.0ms)[0m  [1m[31mDELETE FROM "tracks" WHERE "tracks"."id" = ?[0m  [["id", 3]]
  [1m[35m (99.6ms)[0m  [1m[36mcommit transaction[0m
